{
  message: 'Successfully connected to db',
  level: 'info',
  label: 'right meow!',
  timestamp: '2024-10-23T05:08:49.861Z'
}
{
  message: 'University management app is listening on port 5000',
  level: 'info',
  label: 'right meow!',
  timestamp: '2024-10-23T05:08:49.872Z'
}
{
  message: 'Successfully connected to db',
  level: 'info',
  label: 'right meow!',
  timestamp: '2024-10-23T05:11:07.996Z'
}
{
  message: 'University management app is listening on port 5000',
  level: 'info',
  label: 'right meow!',
  timestamp: '2024-10-23T05:11:08.006Z'
}
